
*** Running vivado
    with args -log B_conv2.vds -m64 -product Vivado -mode batch -messageDb vivado.pb -notrace -source B_conv2.tcl


****** Vivado v2020.2 (64-bit)
  **** SW Build 3064766 on Wed Nov 18 09:12:47 MST 2020
  **** IP Build 3064653 on Wed Nov 18 14:17:31 MST 2020
    ** Copyright 1986-2020 Xilinx, Inc. All Rights Reserved.

source B_conv2.tcl -notrace
Command: synth_design -top B_conv2 -part xc7a200tsbg484-2 -mode out_of_context
Starting synth_design
WARNING: [Vivado_Tcl 4-393] The 'Synthesis' target of the following IPs are stale, please generate the output products using the generate_target or synth_ip command before running synth_design.
/home/ease/Desktop/01_JI/07_2022Fall/chips/FPGA-proj/CNN_minist/CNN_minist.srcs/sources_1/ip/B_conv2/B_conv2.xci

INFO: [IP_Flow 19-2162] IP 'B_conv2' is locked:
* IP definition 'Block Memory Generator (8.4)' for IP 'B_conv2' (customized with software release 2018.3) has a different revision in the IP Catalog.
Attempting to get a license for feature 'Synthesis' and/or device 'xc7a200t'
INFO: [Common 17-349] Got license for feature 'Synthesis' and/or device 'xc7a200t'
INFO: [Device 21-403] Loading part xc7a200tsbg484-2
INFO: [Synth 8-7079] Multithreading enabled for synth_design using a maximum of 4 processes.
INFO: [Synth 8-7078] Launching helper process for spawning children vivado processes
INFO: [Synth 8-7075] Helper process launched with PID 12710
---------------------------------------------------------------------------------
Starting RTL Elaboration : Time (s): cpu = 00:00:16 ; elapsed = 00:00:34 . Memory (MB): peak = 2293.305 ; gain = 0.000 ; free physical = 10416 ; free virtual = 21271
---------------------------------------------------------------------------------
INFO: [Synth 8-638] synthesizing module 'B_conv2' [/home/ease/Desktop/01_JI/07_2022Fall/chips/FPGA-proj/CNN_minist/CNN_minist.srcs/sources_1/ip/B_conv2/synth/B_conv2.vhd:68]
	Parameter C_FAMILY bound to: artix7 - type: string 
	Parameter C_XDEVICEFAMILY bound to: artix7 - type: string 
	Parameter C_ELABORATION_DIR bound to: ./ - type: string 
	Parameter C_INTERFACE_TYPE bound to: 0 - type: integer 
	Parameter C_AXI_TYPE bound to: 1 - type: integer 
	Parameter C_AXI_SLAVE_TYPE bound to: 0 - type: integer 
	Parameter C_USE_BRAM_BLOCK bound to: 0 - type: integer 
	Parameter C_ENABLE_32BIT_ADDRESS bound to: 0 - type: integer 
	Parameter C_CTRL_ECC_ALGO bound to: NONE - type: string 
	Parameter C_HAS_AXI_ID bound to: 0 - type: integer 
	Parameter C_AXI_ID_WIDTH bound to: 4 - type: integer 
	Parameter C_MEM_TYPE bound to: 3 - type: integer 
	Parameter C_BYTE_SIZE bound to: 9 - type: integer 
	Parameter C_ALGORITHM bound to: 1 - type: integer 
	Parameter C_PRIM_TYPE bound to: 1 - type: integer 
	Parameter C_LOAD_INIT_FILE bound to: 1 - type: integer 
	Parameter C_INIT_FILE_NAME bound to: B_conv2.mif - type: string 
	Parameter C_INIT_FILE bound to: B_conv2.mem - type: string 
	Parameter C_USE_DEFAULT_DATA bound to: 0 - type: integer 
	Parameter C_DEFAULT_DATA bound to: 0 - type: string 
	Parameter C_HAS_RSTA bound to: 0 - type: integer 
	Parameter C_RST_PRIORITY_A bound to: CE - type: string 
	Parameter C_RSTRAM_A bound to: 0 - type: integer 
	Parameter C_INITA_VAL bound to: 0 - type: string 
	Parameter C_HAS_ENA bound to: 1 - type: integer 
	Parameter C_HAS_REGCEA bound to: 0 - type: integer 
	Parameter C_USE_BYTE_WEA bound to: 0 - type: integer 
	Parameter C_WEA_WIDTH bound to: 1 - type: integer 
	Parameter C_WRITE_MODE_A bound to: WRITE_FIRST - type: string 
	Parameter C_WRITE_WIDTH_A bound to: 17 - type: integer 
	Parameter C_READ_WIDTH_A bound to: 17 - type: integer 
	Parameter C_WRITE_DEPTH_A bound to: 10 - type: integer 
	Parameter C_READ_DEPTH_A bound to: 10 - type: integer 
	Parameter C_ADDRA_WIDTH bound to: 4 - type: integer 
	Parameter C_HAS_RSTB bound to: 0 - type: integer 
	Parameter C_RST_PRIORITY_B bound to: CE - type: string 
	Parameter C_RSTRAM_B bound to: 0 - type: integer 
	Parameter C_INITB_VAL bound to: 0 - type: string 
	Parameter C_HAS_ENB bound to: 0 - type: integer 
	Parameter C_HAS_REGCEB bound to: 0 - type: integer 
	Parameter C_USE_BYTE_WEB bound to: 0 - type: integer 
	Parameter C_WEB_WIDTH bound to: 1 - type: integer 
	Parameter C_WRITE_MODE_B bound to: WRITE_FIRST - type: string 
	Parameter C_WRITE_WIDTH_B bound to: 17 - type: integer 
	Parameter C_READ_WIDTH_B bound to: 17 - type: integer 
	Parameter C_WRITE_DEPTH_B bound to: 10 - type: integer 
	Parameter C_READ_DEPTH_B bound to: 10 - type: integer 
	Parameter C_ADDRB_WIDTH bound to: 4 - type: integer 
	Parameter C_HAS_MEM_OUTPUT_REGS_A bound to: 0 - type: integer 
	Parameter C_HAS_MEM_OUTPUT_REGS_B bound to: 0 - type: integer 
	Parameter C_HAS_MUX_OUTPUT_REGS_A bound to: 0 - type: integer 
	Parameter C_HAS_MUX_OUTPUT_REGS_B bound to: 0 - type: integer 
	Parameter C_MUX_PIPELINE_STAGES bound to: 0 - type: integer 
	Parameter C_HAS_SOFTECC_INPUT_REGS_A bound to: 0 - type: integer 
	Parameter C_HAS_SOFTECC_OUTPUT_REGS_B bound to: 0 - type: integer 
	Parameter C_USE_SOFTECC bound to: 0 - type: integer 
	Parameter C_USE_ECC bound to: 0 - type: integer 
	Parameter C_EN_ECC_PIPE bound to: 0 - type: integer 
	Parameter C_READ_LATENCY_A bound to: 1 - type: integer 
	Parameter C_READ_LATENCY_B bound to: 1 - type: integer 
	Parameter C_HAS_INJECTERR bound to: 0 - type: integer 
	Parameter C_SIM_COLLISION_CHECK bound to: ALL - type: string 
	Parameter C_COMMON_CLK bound to: 0 - type: integer 
	Parameter C_DISABLE_WARN_BHV_COLL bound to: 0 - type: integer 
	Parameter C_EN_SLEEP_PIN bound to: 0 - type: integer 
	Parameter C_USE_URAM bound to: 0 - type: integer 
	Parameter C_EN_RDADDRA_CHG bound to: 0 - type: integer 
	Parameter C_EN_RDADDRB_CHG bound to: 0 - type: integer 
	Parameter C_EN_DEEPSLEEP_PIN bound to: 0 - type: integer 
	Parameter C_EN_SHUTDOWN_PIN bound to: 0 - type: integer 
	Parameter C_EN_SAFETY_CKT bound to: 0 - type: integer 
	Parameter C_DISABLE_WARN_BHV_RANGE bound to: 0 - type: integer 
	Parameter C_COUNT_36K_BRAM bound to: 0 - type: string 
	Parameter C_COUNT_18K_BRAM bound to: 1 - type: string 
	Parameter C_EST_POWER_SUMMARY bound to: Estimated Power for IP     :     2.751199 mW - type: string 
INFO: [Synth 8-3491] module 'blk_mem_gen_v8_4_2' declared at '/home/ease/Desktop/01_JI/07_2022Fall/chips/FPGA-proj/CNN_minist/CNN_minist.srcs/sources_1/ip/B_conv2/hdl/blk_mem_gen_v8_4_vhsyn_rfs.vhd:195321' bound to instance 'U0' of component 'blk_mem_gen_v8_4_2' [/home/ease/Desktop/01_JI/07_2022Fall/chips/FPGA-proj/CNN_minist/CNN_minist.srcs/sources_1/ip/B_conv2/synth/B_conv2.vhd:232]
INFO: [Synth 8-256] done synthesizing module 'B_conv2' (9#1) [/home/ease/Desktop/01_JI/07_2022Fall/chips/FPGA-proj/CNN_minist/CNN_minist.srcs/sources_1/ip/B_conv2/synth/B_conv2.vhd:68]
---------------------------------------------------------------------------------
Finished RTL Elaboration : Time (s): cpu = 00:00:44 ; elapsed = 00:01:13 . Memory (MB): peak = 2381.988 ; gain = 88.684 ; free physical = 9987 ; free virtual = 20828
---------------------------------------------------------------------------------
---------------------------------------------------------------------------------
Start Handling Custom Attributes
---------------------------------------------------------------------------------
---------------------------------------------------------------------------------
Finished Handling Custom Attributes : Time (s): cpu = 00:00:45 ; elapsed = 00:01:14 . Memory (MB): peak = 2381.988 ; gain = 88.684 ; free physical = 10108 ; free virtual = 20950
---------------------------------------------------------------------------------
---------------------------------------------------------------------------------
Finished RTL Optimization Phase 1 : Time (s): cpu = 00:00:45 ; elapsed = 00:01:14 . Memory (MB): peak = 2381.988 ; gain = 88.684 ; free physical = 10108 ; free virtual = 20950
---------------------------------------------------------------------------------
Netlist sorting complete. Time (s): cpu = 00:00:00.01 ; elapsed = 00:00:00 . Memory (MB): peak = 2381.988 ; gain = 0.000 ; free physical = 9968 ; free virtual = 20818
INFO: [Netlist 29-17] Analyzing 1 Unisim elements for replacement
INFO: [Netlist 29-28] Unisim Transformation completed in 0 CPU seconds
INFO: [Project 1-570] Preparing netlist for logic optimization

Processing XDC Constraints
Initializing timing engine
Parsing XDC File [/home/ease/Desktop/01_JI/07_2022Fall/chips/FPGA-proj/CNN_minist/CNN_minist.srcs/sources_1/ip/B_conv2/B_conv2_ooc.xdc] for cell 'U0'
Finished Parsing XDC File [/home/ease/Desktop/01_JI/07_2022Fall/chips/FPGA-proj/CNN_minist/CNN_minist.srcs/sources_1/ip/B_conv2/B_conv2_ooc.xdc] for cell 'U0'
Parsing XDC File [/home/ease/Desktop/01_JI/07_2022Fall/chips/FPGA-proj/CNN_minist/CNN_minist.runs/B_conv2_synth_1/dont_touch.xdc]
Finished Parsing XDC File [/home/ease/Desktop/01_JI/07_2022Fall/chips/FPGA-proj/CNN_minist/CNN_minist.runs/B_conv2_synth_1/dont_touch.xdc]
Completed Processing XDC Constraints

Netlist sorting complete. Time (s): cpu = 00:00:00 ; elapsed = 00:00:00 . Memory (MB): peak = 2446.020 ; gain = 0.000 ; free physical = 9735 ; free virtual = 20591
INFO: [Project 1-111] Unisim Transformation Summary:
No Unisim elements were transformed.

Constraint Validation Runtime : Time (s): cpu = 00:00:00.06 ; elapsed = 00:00:00.08 . Memory (MB): peak = 2446.020 ; gain = 0.000 ; free physical = 9739 ; free virtual = 20596
---------------------------------------------------------------------------------
Finished Constraint Validation : Time (s): cpu = 00:01:04 ; elapsed = 00:01:35 . Memory (MB): peak = 2446.020 ; gain = 152.715 ; free physical = 9727 ; free virtual = 20650
---------------------------------------------------------------------------------
---------------------------------------------------------------------------------
Start Loading Part and Timing Information
---------------------------------------------------------------------------------
Loading part: xc7a200tsbg484-2
---------------------------------------------------------------------------------
Finished Loading Part and Timing Information : Time (s): cpu = 00:01:04 ; elapsed = 00:01:35 . Memory (MB): peak = 2446.020 ; gain = 152.715 ; free physical = 9726 ; free virtual = 20649
---------------------------------------------------------------------------------
---------------------------------------------------------------------------------
Start Applying 'set_property' XDC Constraints
---------------------------------------------------------------------------------
Applied set_property KEEP_HIERARCHY = SOFT for U0. (constraint file  /home/ease/Desktop/01_JI/07_2022Fall/chips/FPGA-proj/CNN_minist/CNN_minist.runs/B_conv2_synth_1/dont_touch.xdc, line 9).
---------------------------------------------------------------------------------
Finished applying 'set_property' XDC Constraints : Time (s): cpu = 00:01:04 ; elapsed = 00:01:35 . Memory (MB): peak = 2446.020 ; gain = 152.715 ; free physical = 9724 ; free virtual = 20647
---------------------------------------------------------------------------------
---------------------------------------------------------------------------------
Finished RTL Optimization Phase 2 : Time (s): cpu = 00:01:05 ; elapsed = 00:01:36 . Memory (MB): peak = 2446.020 ; gain = 152.715 ; free physical = 9669 ; free virtual = 20594
---------------------------------------------------------------------------------
---------------------------------------------------------------------------------
Start RTL Component Statistics 
---------------------------------------------------------------------------------
Detailed RTL Component Info : 
---------------------------------------------------------------------------------
Finished RTL Component Statistics 
---------------------------------------------------------------------------------
---------------------------------------------------------------------------------
Start Part Resource Summary
---------------------------------------------------------------------------------
Part Resources:
DSPs: 740 (col length:100)
BRAMs: 730 (col length: RAMB18 100 RAMB36 50)
---------------------------------------------------------------------------------
Finished Part Resource Summary
---------------------------------------------------------------------------------
---------------------------------------------------------------------------------
Start Cross Boundary and Area Optimization
---------------------------------------------------------------------------------
---------------------------------------------------------------------------------
Finished Cross Boundary and Area Optimization : Time (s): cpu = 00:01:07 ; elapsed = 00:01:38 . Memory (MB): peak = 2446.020 ; gain = 152.715 ; free physical = 9589 ; free virtual = 20522
---------------------------------------------------------------------------------
---------------------------------------------------------------------------------
Start Applying XDC Timing Constraints
---------------------------------------------------------------------------------
---------------------------------------------------------------------------------
Finished Applying XDC Timing Constraints : Time (s): cpu = 00:01:17 ; elapsed = 00:01:49 . Memory (MB): peak = 2446.020 ; gain = 152.715 ; free physical = 9239 ; free virtual = 20174
---------------------------------------------------------------------------------
---------------------------------------------------------------------------------
Start Timing Optimization
---------------------------------------------------------------------------------
---------------------------------------------------------------------------------
Finished Timing Optimization : Time (s): cpu = 00:01:17 ; elapsed = 00:01:49 . Memory (MB): peak = 2446.020 ; gain = 152.715 ; free physical = 9238 ; free virtual = 20174
---------------------------------------------------------------------------------
---------------------------------------------------------------------------------
Start Technology Mapping
---------------------------------------------------------------------------------
---------------------------------------------------------------------------------
Finished Technology Mapping : Time (s): cpu = 00:01:17 ; elapsed = 00:01:49 . Memory (MB): peak = 2446.020 ; gain = 152.715 ; free physical = 9231 ; free virtual = 20167
---------------------------------------------------------------------------------
---------------------------------------------------------------------------------
Start IO Insertion
---------------------------------------------------------------------------------
---------------------------------------------------------------------------------
Start Flattening Before IO Insertion
---------------------------------------------------------------------------------
---------------------------------------------------------------------------------
Finished Flattening Before IO Insertion
---------------------------------------------------------------------------------
---------------------------------------------------------------------------------
Start Final Netlist Cleanup
---------------------------------------------------------------------------------
---------------------------------------------------------------------------------
Finished Final Netlist Cleanup
---------------------------------------------------------------------------------
---------------------------------------------------------------------------------
Finished IO Insertion : Time (s): cpu = 00:01:28 ; elapsed = 00:02:00 . Memory (MB): peak = 2446.020 ; gain = 152.715 ; free physical = 9860 ; free virtual = 21211
---------------------------------------------------------------------------------
---------------------------------------------------------------------------------
Start Renaming Generated Instances
---------------------------------------------------------------------------------
---------------------------------------------------------------------------------
Finished Renaming Generated Instances : Time (s): cpu = 00:01:28 ; elapsed = 00:02:00 . Memory (MB): peak = 2446.020 ; gain = 152.715 ; free physical = 9859 ; free virtual = 21210
---------------------------------------------------------------------------------
---------------------------------------------------------------------------------
Start Rebuilding User Hierarchy
---------------------------------------------------------------------------------
---------------------------------------------------------------------------------
Finished Rebuilding User Hierarchy : Time (s): cpu = 00:01:28 ; elapsed = 00:02:00 . Memory (MB): peak = 2446.020 ; gain = 152.715 ; free physical = 9856 ; free virtual = 21207
---------------------------------------------------------------------------------
---------------------------------------------------------------------------------
Start Renaming Generated Ports
---------------------------------------------------------------------------------
---------------------------------------------------------------------------------
Finished Renaming Generated Ports : Time (s): cpu = 00:01:28 ; elapsed = 00:02:00 . Memory (MB): peak = 2446.020 ; gain = 152.715 ; free physical = 9854 ; free virtual = 21205
---------------------------------------------------------------------------------
---------------------------------------------------------------------------------
Start Handling Custom Attributes
---------------------------------------------------------------------------------
---------------------------------------------------------------------------------
Finished Handling Custom Attributes : Time (s): cpu = 00:01:28 ; elapsed = 00:02:00 . Memory (MB): peak = 2446.020 ; gain = 152.715 ; free physical = 9852 ; free virtual = 21203
---------------------------------------------------------------------------------
---------------------------------------------------------------------------------
Start Renaming Generated Nets
---------------------------------------------------------------------------------
---------------------------------------------------------------------------------
Finished Renaming Generated Nets : Time (s): cpu = 00:01:28 ; elapsed = 00:02:00 . Memory (MB): peak = 2446.020 ; gain = 152.715 ; free physical = 9852 ; free virtual = 21203
---------------------------------------------------------------------------------
---------------------------------------------------------------------------------
Start Writing Synthesis Report
---------------------------------------------------------------------------------

Report BlackBoxes: 
+-+--------------+----------+
| |BlackBox name |Instances |
+-+--------------+----------+
+-+--------------+----------+

Report Cell Usage: 
+------+---------+------+
|      |Cell     |Count |
+------+---------+------+
|1     |RAMB18E1 |     1|
+------+---------+------+
---------------------------------------------------------------------------------
Finished Writing Synthesis Report : Time (s): cpu = 00:01:28 ; elapsed = 00:02:00 . Memory (MB): peak = 2446.020 ; gain = 152.715 ; free physical = 9850 ; free virtual = 21201
---------------------------------------------------------------------------------
Synthesis finished with 0 errors, 0 critical warnings and 0 warnings.
Synthesis Optimization Runtime : Time (s): cpu = 00:01:21 ; elapsed = 00:01:53 . Memory (MB): peak = 2446.020 ; gain = 88.684 ; free physical = 9998 ; free virtual = 21324
Synthesis Optimization Complete : Time (s): cpu = 00:01:28 ; elapsed = 00:02:00 . Memory (MB): peak = 2446.020 ; gain = 152.715 ; free physical = 10011 ; free virtual = 21332
INFO: [Project 1-571] Translating synthesized netlist
Netlist sorting complete. Time (s): cpu = 00:00:00 ; elapsed = 00:00:00 . Memory (MB): peak = 2446.020 ; gain = 0.000 ; free physical = 10021 ; free virtual = 21342
INFO: [Netlist 29-17] Analyzing 1 Unisim elements for replacement
INFO: [Netlist 29-28] Unisim Transformation completed in 0 CPU seconds
INFO: [Project 1-570] Preparing netlist for logic optimization
INFO: [Opt 31-138] Pushed 0 inverter(s) to 0 load pin(s).
Netlist sorting complete. Time (s): cpu = 00:00:00 ; elapsed = 00:00:00 . Memory (MB): peak = 2446.020 ; gain = 0.000 ; free physical = 10392 ; free virtual = 21606
INFO: [Project 1-111] Unisim Transformation Summary:
No Unisim elements were transformed.

INFO: [Common 17-83] Releasing license: Synthesis
20 Infos, 1 Warnings, 0 Critical Warnings and 0 Errors encountered.
synth_design completed successfully
synth_design: Time (s): cpu = 00:01:51 ; elapsed = 00:02:13 . Memory (MB): peak = 2446.020 ; gain = 152.844 ; free physical = 10734 ; free virtual = 21948
INFO: [Common 17-1381] The checkpoint '/home/ease/Desktop/01_JI/07_2022Fall/chips/FPGA-proj/CNN_minist/CNN_minist.runs/B_conv2_synth_1/B_conv2.dcp' has been generated.
WARNING: [Common 17-576] 'use_project_ipc' is deprecated. This option is deprecated and no longer used.
INFO: [Coretcl 2-1648] Added synthesis output to IP cache for IP B_conv2, cache-ID = ab2e6cd2bf447b09
INFO: [Coretcl 2-1174] Renamed 6 cell refs.
INFO: [Common 17-1381] The checkpoint '/home/ease/Desktop/01_JI/07_2022Fall/chips/FPGA-proj/CNN_minist/CNN_minist.runs/B_conv2_synth_1/B_conv2.dcp' has been generated.
INFO: [runtcl-4] Executing : report_utilization -file B_conv2_utilization_synth.rpt -pb B_conv2_utilization_synth.pb
INFO: [Common 17-206] Exiting Vivado at Wed Oct 12 15:09:23 2022...
